<?xml version="1.0" encoding="UTF-8"?>
<robot generator="Robot 3.2.2 (Python 3.9.1 on darwin)" generated="20210127 16:43:15.361" rpa="false">
<suite id="s1" name="Test Automation" source="/Users/jillseo01/PycharmProjects/truth_test_automation/test_automation">
<suite id="s1-s1" name="Api Automation" source="/Users/jillseo01/PycharmProjects/truth_test_automation/test_automation/api_automation">
<suite id="s1-s1-s1" name="Truuth Admin" source="/Users/jillseo01/PycharmProjects/truth_test_automation/test_automation/api_automation/truuth_admin">
<suite id="s1-s1-s1-s1" name="Features" source="/Users/jillseo01/PycharmProjects/truth_test_automation/test_automation/api_automation/truuth_admin/features">
<suite id="s1-s1-s1-s1-s1" name="US1234 LoginFunctionality" source="/Users/jillseo01/PycharmProjects/truth_test_automation/test_automation/api_automation/truuth_admin/features/US1234_LoginFunctionality.robot">
<test id="s1-s1-s1-s1-s1-t1" name="User is sucessfully logs in">
<kw name="Given User is on the Login page" library="Common_Keywords">
<kw name="Open Browser" library="SeleniumLibrary">
<doc>Opens a new browser instance to the optional ``url``.</doc>
<arguments>
<arg>${TEST_URL}</arg>
<arg>chrome</arg>
<arg>executable_path=${CHROME_PATH}</arg>
</arguments>
<msg timestamp="20210127 16:43:15.645" level="INFO">Opening browser 'chrome' to base url 'https://client.au.test.truuth.id/kyc'.</msg>
<status status="PASS" starttime="20210127 16:43:15.644" endtime="20210127 16:43:21.042"></status>
</kw>
<kw name="Set Selenium Implicit Wait" library="SeleniumLibrary">
<doc>Sets the implicit wait value used by Selenium.</doc>
<arguments>
<arg>30s</arg>
</arguments>
<status status="PASS" starttime="20210127 16:43:21.042" endtime="20210127 16:43:21.043"></status>
</kw>
<kw name="Maximize Browser Window" library="SeleniumLibrary">
<doc>Maximizes current browser window.</doc>
<status status="PASS" starttime="20210127 16:43:21.044" endtime="20210127 16:43:21.298"></status>
</kw>
<status status="PASS" starttime="20210127 16:43:15.644" endtime="20210127 16:43:21.298"></status>
</kw>
<kw name="When User enters email address">
<arguments>
<arg>${USER_NAME}</arg>
</arguments>
<kw name="Enter Email Address" library="LoginPage">
<arguments>
<arg>${email}</arg>
</arguments>
<kw name="Log" library="BuiltIn">
<doc>Logs the given message with the given level.</doc>
<arguments>
<arg>Email Address entered: ${emailAddress}</arg>
</arguments>
<msg timestamp="20210127 16:43:21.301" level="INFO">Email Address entered: kycagent@dev.truuth.id</msg>
<status status="PASS" starttime="20210127 16:43:21.301" endtime="20210127 16:43:21.301"></status>
</kw>
<kw name="Input Text" library="SeleniumLibrary">
<doc>Types the given ``text`` into the text field identified by ``locator``.</doc>
<arguments>
<arg>${emailField}</arg>
<arg>${emailAddress}</arg>
</arguments>
<msg timestamp="20210127 16:43:21.302" level="INFO">Typing text 'kycagent@dev.truuth.id' into text field 'id:email'.</msg>
<status status="PASS" starttime="20210127 16:43:21.302" endtime="20210127 16:43:22.022"></status>
</kw>
<status status="PASS" starttime="20210127 16:43:21.300" endtime="20210127 16:43:22.022"></status>
</kw>
<status status="PASS" starttime="20210127 16:43:21.298" endtime="20210127 16:43:22.023"></status>
</kw>
<kw name="And User enters password">
<arguments>
<arg>${PASSWORD}</arg>
</arguments>
<kw name="Enter Password" library="LoginPage">
<arguments>
<arg>${password}</arg>
</arguments>
<kw name="Log" library="BuiltIn">
<doc>Logs the given message with the given level.</doc>
<arguments>
<arg>Password entered: ${password}</arg>
</arguments>
<msg timestamp="20210127 16:43:22.025" level="INFO">Password entered: mT8LNFhXivN7vh^Ly</msg>
<status status="PASS" starttime="20210127 16:43:22.024" endtime="20210127 16:43:22.025"></status>
</kw>
<kw name="Input Text" library="SeleniumLibrary">
<doc>Types the given ``text`` into the text field identified by ``locator``.</doc>
<arguments>
<arg>${passwordField}</arg>
<arg>${password}</arg>
</arguments>
<msg timestamp="20210127 16:43:22.025" level="INFO">Typing text 'mT8LNFhXivN7vh^Ly' into text field 'name:password'.</msg>
<status status="PASS" starttime="20210127 16:43:22.025" endtime="20210127 16:43:22.160"></status>
</kw>
<status status="PASS" starttime="20210127 16:43:22.023" endtime="20210127 16:43:22.160"></status>
</kw>
<status status="PASS" starttime="20210127 16:43:22.023" endtime="20210127 16:43:22.160"></status>
</kw>
<kw name="And User clicks SIGN IN button">
<kw name="Click SIGN IN button" library="LoginPage">
<kw name="Click Element" library="SeleniumLibrary">
<doc>Click the element identified by ``locator``.</doc>
<arguments>
<arg>${signInButton}</arg>
</arguments>
<msg timestamp="20210127 16:43:22.161" level="INFO">Clicking element 'id:sign-in'.</msg>
<status status="PASS" starttime="20210127 16:43:22.161" endtime="20210127 16:43:22.353"></status>
</kw>
<status status="PASS" starttime="20210127 16:43:22.161" endtime="20210127 16:43:22.353"></status>
</kw>
<status status="PASS" starttime="20210127 16:43:22.160" endtime="20210127 16:43:22.354"></status>
</kw>
<tags>
<tag>sss</tag>
</tags>
<status status="PASS" starttime="20210127 16:43:15.643" endtime="20210127 16:43:22.354" critical="yes"></status>
</test>
<test id="s1-s1-s1-s1-s1-t2" name="User is kamote">
<kw name="Given User is on the Login page" library="Common_Keywords">
<kw name="Open Browser" library="SeleniumLibrary">
<doc>Opens a new browser instance to the optional ``url``.</doc>
<arguments>
<arg>${TEST_URL}</arg>
<arg>chrome</arg>
<arg>executable_path=${CHROME_PATH}</arg>
</arguments>
<msg timestamp="20210127 16:43:22.358" level="INFO">Opening browser 'chrome' to base url 'https://client.au.test.truuth.id/kyc'.</msg>
<status status="PASS" starttime="20210127 16:43:22.357" endtime="20210127 16:43:26.934"></status>
</kw>
<kw name="Set Selenium Implicit Wait" library="SeleniumLibrary">
<doc>Sets the implicit wait value used by Selenium.</doc>
<arguments>
<arg>30s</arg>
</arguments>
<status status="PASS" starttime="20210127 16:43:26.935" endtime="20210127 16:43:26.937"></status>
</kw>
<kw name="Maximize Browser Window" library="SeleniumLibrary">
<doc>Maximizes current browser window.</doc>
<status status="PASS" starttime="20210127 16:43:26.937" endtime="20210127 16:43:27.196"></status>
</kw>
<status status="PASS" starttime="20210127 16:43:22.356" endtime="20210127 16:43:27.196"></status>
</kw>
<kw name="When User enters email address">
<arguments>
<arg>${USER_NAME}</arg>
</arguments>
<kw name="Enter Email Address" library="LoginPage">
<arguments>
<arg>${email}</arg>
</arguments>
<kw name="Log" library="BuiltIn">
<doc>Logs the given message with the given level.</doc>
<arguments>
<arg>Email Address entered: ${emailAddress}</arg>
</arguments>
<msg timestamp="20210127 16:43:27.200" level="INFO">Email Address entered: kycagent@dev.truuth.id</msg>
<status status="PASS" starttime="20210127 16:43:27.200" endtime="20210127 16:43:27.201"></status>
</kw>
<kw name="Input Text" library="SeleniumLibrary">
<doc>Types the given ``text`` into the text field identified by ``locator``.</doc>
<arguments>
<arg>${emailField}</arg>
<arg>${emailAddress}</arg>
</arguments>
<msg timestamp="20210127 16:43:27.201" level="INFO">Typing text 'kycagent@dev.truuth.id' into text field 'id:email'.</msg>
<status status="PASS" starttime="20210127 16:43:27.201" endtime="20210127 16:43:27.820"></status>
</kw>
<status status="PASS" starttime="20210127 16:43:27.198" endtime="20210127 16:43:27.821"></status>
</kw>
<status status="PASS" starttime="20210127 16:43:27.197" endtime="20210127 16:43:27.821"></status>
</kw>
<kw name="And User enters password">
<arguments>
<arg>${PASSWORD}</arg>
</arguments>
<kw name="Enter Password" library="LoginPage">
<arguments>
<arg>${password}</arg>
</arguments>
<kw name="Log" library="BuiltIn">
<doc>Logs the given message with the given level.</doc>
<arguments>
<arg>Password entered: ${password}</arg>
</arguments>
<msg timestamp="20210127 16:43:27.824" level="INFO">Password entered: mT8LNFhXivN7vh^Ly</msg>
<status status="PASS" starttime="20210127 16:43:27.823" endtime="20210127 16:43:27.824"></status>
</kw>
<kw name="Input Text" library="SeleniumLibrary">
<doc>Types the given ``text`` into the text field identified by ``locator``.</doc>
<arguments>
<arg>${passwordField}</arg>
<arg>${password}</arg>
</arguments>
<msg timestamp="20210127 16:43:27.825" level="INFO">Typing text 'mT8LNFhXivN7vh^Ly' into text field 'name:password'.</msg>
<status status="PASS" starttime="20210127 16:43:27.825" endtime="20210127 16:43:27.993"></status>
</kw>
<status status="PASS" starttime="20210127 16:43:27.822" endtime="20210127 16:43:27.993"></status>
</kw>
<status status="PASS" starttime="20210127 16:43:27.821" endtime="20210127 16:43:27.993"></status>
</kw>
<kw name="And User clicks SIGN IN button">
<kw name="Click SIGN IN button" library="LoginPage">
<kw name="Click Element" library="SeleniumLibrary">
<doc>Click the element identified by ``locator``.</doc>
<arguments>
<arg>${signInButton}</arg>
</arguments>
<msg timestamp="20210127 16:43:27.996" level="INFO">Clicking element 'id:sign-in'.</msg>
<status status="PASS" starttime="20210127 16:43:27.995" endtime="20210127 16:43:28.219"></status>
</kw>
<status status="PASS" starttime="20210127 16:43:27.994" endtime="20210127 16:43:28.219"></status>
</kw>
<status status="PASS" starttime="20210127 16:43:27.993" endtime="20210127 16:43:28.220"></status>
</kw>
<tags>
<tag>sss</tag>
</tags>
<status status="PASS" starttime="20210127 16:43:22.355" endtime="20210127 16:43:28.221" critical="yes"></status>
</test>
<doc>Basic Login Functionality, JIRA12345</doc>
<status status="PASS" starttime="20210127 16:43:15.390" endtime="20210127 16:43:28.223"></status>
</suite>
<status status="PASS" starttime="20210127 16:43:15.389" endtime="20210127 16:43:28.229"></status>
</suite>
<status status="PASS" starttime="20210127 16:43:15.387" endtime="20210127 16:43:28.236"></status>
</suite>
<suite id="s1-s1-s2" name="Truuth Client" source="/Users/jillseo01/PycharmProjects/truth_test_automation/test_automation/api_automation/truuth_client">
<suite id="s1-s1-s2-s1" name="Features" source="/Users/jillseo01/PycharmProjects/truth_test_automation/test_automation/api_automation/truuth_client/features">
<suite id="s1-s1-s2-s1-s1" name="US1234 LoginFunctionality" source="/Users/jillseo01/PycharmProjects/truth_test_automation/test_automation/api_automation/truuth_client/features/US1234_LoginFunctionality.robot">
<test id="s1-s1-s2-s1-s1-t1" name="User is sucessfully logs in">
<kw name="Given User is on the Login page" library="Common_Keywords">
<kw name="Open Browser" library="SeleniumLibrary">
<doc>Opens a new browser instance to the optional ``url``.</doc>
<arguments>
<arg>${TEST_URL}</arg>
<arg>chrome</arg>
<arg>executable_path=${CHROME_PATH}</arg>
</arguments>
<msg timestamp="20210127 16:43:28.274" level="INFO">Opening browser 'chrome' to base url 'https://client.au.test.truuth.id/kyc'.</msg>
<status status="PASS" starttime="20210127 16:43:28.273" endtime="20210127 16:43:32.846"></status>
</kw>
<kw name="Set Selenium Implicit Wait" library="SeleniumLibrary">
<doc>Sets the implicit wait value used by Selenium.</doc>
<arguments>
<arg>30s</arg>
</arguments>
<status status="PASS" starttime="20210127 16:43:32.847" endtime="20210127 16:43:32.850"></status>
</kw>
<kw name="Maximize Browser Window" library="SeleniumLibrary">
<doc>Maximizes current browser window.</doc>
<status status="PASS" starttime="20210127 16:43:32.850" endtime="20210127 16:43:33.113"></status>
</kw>
<status status="PASS" starttime="20210127 16:43:28.272" endtime="20210127 16:43:33.113"></status>
</kw>
<kw name="When User enters email address">
<arguments>
<arg>${USER_NAME}</arg>
</arguments>
<kw name="Enter Email Address" library="LoginPage">
<arguments>
<arg>${email}</arg>
</arguments>
<kw name="Log" library="BuiltIn">
<doc>Logs the given message with the given level.</doc>
<arguments>
<arg>Email Address entered: ${emailAddress}</arg>
</arguments>
<msg timestamp="20210127 16:43:33.116" level="INFO">Email Address entered: kycagent@dev.truuth.id</msg>
<status status="PASS" starttime="20210127 16:43:33.115" endtime="20210127 16:43:33.116"></status>
</kw>
<kw name="Input Text" library="SeleniumLibrary">
<doc>Types the given ``text`` into the text field identified by ``locator``.</doc>
<arguments>
<arg>${emailField}</arg>
<arg>${emailAddress}</arg>
</arguments>
<msg timestamp="20210127 16:43:33.117" level="INFO">Typing text 'kycagent@dev.truuth.id' into text field 'id:email'.</msg>
<status status="PASS" starttime="20210127 16:43:33.116" endtime="20210127 16:43:33.703"></status>
</kw>
<status status="PASS" starttime="20210127 16:43:33.115" endtime="20210127 16:43:33.704"></status>
</kw>
<status status="PASS" starttime="20210127 16:43:33.114" endtime="20210127 16:43:33.704"></status>
</kw>
<kw name="And User enters password">
<arguments>
<arg>${PASSWORD}</arg>
</arguments>
<kw name="Enter Password" library="LoginPage">
<arguments>
<arg>${password}</arg>
</arguments>
<kw name="Log" library="BuiltIn">
<doc>Logs the given message with the given level.</doc>
<arguments>
<arg>Password entered: ${password}</arg>
</arguments>
<msg timestamp="20210127 16:43:33.706" level="INFO">Password entered: mT8LNFhXivN7vh^Ly</msg>
<status status="PASS" starttime="20210127 16:43:33.705" endtime="20210127 16:43:33.706"></status>
</kw>
<kw name="Input Text" library="SeleniumLibrary">
<doc>Types the given ``text`` into the text field identified by ``locator``.</doc>
<arguments>
<arg>${passwordField}</arg>
<arg>${password}</arg>
</arguments>
<msg timestamp="20210127 16:43:33.707" level="INFO">Typing text 'mT8LNFhXivN7vh^Ly' into text field 'name:password'.</msg>
<status status="PASS" starttime="20210127 16:43:33.706" endtime="20210127 16:43:33.844"></status>
</kw>
<status status="PASS" starttime="20210127 16:43:33.705" endtime="20210127 16:43:33.844"></status>
</kw>
<status status="PASS" starttime="20210127 16:43:33.704" endtime="20210127 16:43:33.844"></status>
</kw>
<kw name="And User clicks SIGN IN button">
<kw name="Click SIGN IN button" library="LoginPage">
<kw name="Click Element" library="SeleniumLibrary">
<doc>Click the element identified by ``locator``.</doc>
<arguments>
<arg>${signInButton}</arg>
</arguments>
<msg timestamp="20210127 16:43:33.846" level="INFO">Clicking element 'id:sign-in'.</msg>
<status status="PASS" starttime="20210127 16:43:33.846" endtime="20210127 16:43:34.050"></status>
</kw>
<status status="PASS" starttime="20210127 16:43:33.845" endtime="20210127 16:43:34.050"></status>
</kw>
<status status="PASS" starttime="20210127 16:43:33.845" endtime="20210127 16:43:34.050"></status>
</kw>
<tags>
<tag>sss</tag>
</tags>
<status status="PASS" starttime="20210127 16:43:28.271" endtime="20210127 16:43:34.051" critical="yes"></status>
</test>
<test id="s1-s1-s2-s1-s1-t2" name="User is kamote">
<kw name="Given User is on the Login page" library="Common_Keywords">
<kw name="Open Browser" library="SeleniumLibrary">
<doc>Opens a new browser instance to the optional ``url``.</doc>
<arguments>
<arg>${TEST_URL}</arg>
<arg>chrome</arg>
<arg>executable_path=${CHROME_PATH}</arg>
</arguments>
<msg timestamp="20210127 16:43:34.055" level="INFO">Opening browser 'chrome' to base url 'https://client.au.test.truuth.id/kyc'.</msg>
<status status="PASS" starttime="20210127 16:43:34.054" endtime="20210127 16:43:38.667"></status>
</kw>
<kw name="Set Selenium Implicit Wait" library="SeleniumLibrary">
<doc>Sets the implicit wait value used by Selenium.</doc>
<arguments>
<arg>30s</arg>
</arguments>
<status status="PASS" starttime="20210127 16:43:38.667" endtime="20210127 16:43:38.671"></status>
</kw>
<kw name="Maximize Browser Window" library="SeleniumLibrary">
<doc>Maximizes current browser window.</doc>
<status status="PASS" starttime="20210127 16:43:38.671" endtime="20210127 16:43:38.924"></status>
</kw>
<status status="PASS" starttime="20210127 16:43:34.054" endtime="20210127 16:43:38.924"></status>
</kw>
<kw name="When User enters email address">
<arguments>
<arg>${USER_NAME}</arg>
</arguments>
<kw name="Enter Email Address" library="LoginPage">
<arguments>
<arg>${email}</arg>
</arguments>
<kw name="Log" library="BuiltIn">
<doc>Logs the given message with the given level.</doc>
<arguments>
<arg>Email Address entered: ${emailAddress}</arg>
</arguments>
<msg timestamp="20210127 16:43:38.928" level="INFO">Email Address entered: kycagent@dev.truuth.id</msg>
<status status="PASS" starttime="20210127 16:43:38.926" endtime="20210127 16:43:38.928"></status>
</kw>
<kw name="Input Text" library="SeleniumLibrary">
<doc>Types the given ``text`` into the text field identified by ``locator``.</doc>
<arguments>
<arg>${emailField}</arg>
<arg>${emailAddress}</arg>
</arguments>
<msg timestamp="20210127 16:43:38.929" level="INFO">Typing text 'kycagent@dev.truuth.id' into text field 'id:email'.</msg>
<status status="PASS" starttime="20210127 16:43:38.929" endtime="20210127 16:43:39.781"></status>
</kw>
<status status="PASS" starttime="20210127 16:43:38.926" endtime="20210127 16:43:39.781"></status>
</kw>
<status status="PASS" starttime="20210127 16:43:38.925" endtime="20210127 16:43:39.781"></status>
</kw>
<kw name="And User enters password">
<arguments>
<arg>${PASSWORD}</arg>
</arguments>
<kw name="Enter Password" library="LoginPage">
<arguments>
<arg>${password}</arg>
</arguments>
<kw name="Log" library="BuiltIn">
<doc>Logs the given message with the given level.</doc>
<arguments>
<arg>Password entered: ${password}</arg>
</arguments>
<msg timestamp="20210127 16:43:39.783" level="INFO">Password entered: mT8LNFhXivN7vh^Ly</msg>
<status status="PASS" starttime="20210127 16:43:39.783" endtime="20210127 16:43:39.783"></status>
</kw>
<kw name="Input Text" library="SeleniumLibrary">
<doc>Types the given ``text`` into the text field identified by ``locator``.</doc>
<arguments>
<arg>${passwordField}</arg>
<arg>${password}</arg>
</arguments>
<msg timestamp="20210127 16:43:39.784" level="INFO">Typing text 'mT8LNFhXivN7vh^Ly' into text field 'name:password'.</msg>
<status status="PASS" starttime="20210127 16:43:39.783" endtime="20210127 16:43:39.916"></status>
</kw>
<status status="PASS" starttime="20210127 16:43:39.782" endtime="20210127 16:43:39.916"></status>
</kw>
<status status="PASS" starttime="20210127 16:43:39.782" endtime="20210127 16:43:39.916"></status>
</kw>
<kw name="And User clicks SIGN IN button">
<kw name="Click SIGN IN button" library="LoginPage">
<kw name="Click Element" library="SeleniumLibrary">
<doc>Click the element identified by ``locator``.</doc>
<arguments>
<arg>${signInButton}</arg>
</arguments>
<msg timestamp="20210127 16:43:39.919" level="INFO">Clicking element 'id:sign-in'.</msg>
<status status="PASS" starttime="20210127 16:43:39.918" endtime="20210127 16:43:40.116"></status>
</kw>
<status status="PASS" starttime="20210127 16:43:39.917" endtime="20210127 16:43:40.116"></status>
</kw>
<status status="PASS" starttime="20210127 16:43:39.917" endtime="20210127 16:43:40.116"></status>
</kw>
<tags>
<tag>sss</tag>
</tags>
<status status="PASS" starttime="20210127 16:43:34.052" endtime="20210127 16:43:40.117" critical="yes"></status>
</test>
<doc>Basic Login Functionality, JIRA12345</doc>
<status status="PASS" starttime="20210127 16:43:28.250" endtime="20210127 16:43:40.119"></status>
</suite>
<status status="PASS" starttime="20210127 16:43:28.243" endtime="20210127 16:43:40.122"></status>
</suite>
<status status="PASS" starttime="20210127 16:43:28.238" endtime="20210127 16:43:40.124"></status>
</suite>
<status status="PASS" starttime="20210127 16:43:15.385" endtime="20210127 16:43:40.127"></status>
</suite>
<suite id="s1-s2" name="Web Automation" source="/Users/jillseo01/PycharmProjects/truth_test_automation/test_automation/web_automation">
<suite id="s1-s2-s1" name="Truuth Admin" source="/Users/jillseo01/PycharmProjects/truth_test_automation/test_automation/web_automation/truuth_admin">
<suite id="s1-s2-s1-s1" name="Features" source="/Users/jillseo01/PycharmProjects/truth_test_automation/test_automation/web_automation/truuth_admin/features">
<suite id="s1-s2-s1-s1-s1" name="US1234 LoginFunctionality" source="/Users/jillseo01/PycharmProjects/truth_test_automation/test_automation/web_automation/truuth_admin/features/US1234_LoginFunctionality.robot">
<test id="s1-s2-s1-s1-s1-t1" name="User is sucessfully logs in">
<kw name="User enters email address" type="setup">
<kw name="Enter Email Address" library="LoginPage">
<arguments>
<arg>${email}</arg>
</arguments>
<kw name="Log" library="BuiltIn">
<doc>Logs the given message with the given level.</doc>
<arguments>
<arg>Email Address entered: ${emailAddress}</arg>
</arguments>
<msg timestamp="20210127 16:43:40.151" level="INFO">Email Address entered: kycagent@dev.truuth.id</msg>
<status status="PASS" starttime="20210127 16:43:40.151" endtime="20210127 16:43:40.151"></status>
</kw>
<kw name="Input Text" library="SeleniumLibrary">
<doc>Types the given ``text`` into the text field identified by ``locator``.</doc>
<arguments>
<arg>${emailField}</arg>
<arg>${emailAddress}</arg>
</arguments>
<msg timestamp="20210127 16:43:40.152" level="INFO">Typing text 'kycagent@dev.truuth.id' into text field 'id:email'.</msg>
<status status="PASS" starttime="20210127 16:43:40.152" endtime="20210127 16:43:40.317"></status>
</kw>
<status status="PASS" starttime="20210127 16:43:40.150" endtime="20210127 16:43:40.317"></status>
</kw>
<status status="PASS" starttime="20210127 16:43:40.150" endtime="20210127 16:43:40.317"></status>
</kw>
<kw name="Given User is on the Login page" library="Common_Keywords">
<kw name="Open Browser" library="SeleniumLibrary">
<doc>Opens a new browser instance to the optional ``url``.</doc>
<arguments>
<arg>${TEST_URL}</arg>
<arg>chrome</arg>
<arg>executable_path=${CHROME_PATH}</arg>
</arguments>
<msg timestamp="20210127 16:43:40.320" level="INFO">Opening browser 'chrome' to base url 'https://client.au.test.truuth.id/kyc'.</msg>
<status status="PASS" starttime="20210127 16:43:40.319" endtime="20210127 16:43:45.020"></status>
</kw>
<kw name="Set Selenium Implicit Wait" library="SeleniumLibrary">
<doc>Sets the implicit wait value used by Selenium.</doc>
<arguments>
<arg>30s</arg>
</arguments>
<status status="PASS" starttime="20210127 16:43:45.021" endtime="20210127 16:43:45.026"></status>
</kw>
<kw name="Maximize Browser Window" library="SeleniumLibrary">
<doc>Maximizes current browser window.</doc>
<status status="PASS" starttime="20210127 16:43:45.026" endtime="20210127 16:43:45.282"></status>
</kw>
<status status="PASS" starttime="20210127 16:43:40.318" endtime="20210127 16:43:45.282"></status>
</kw>
<kw name="When User enters email address">
<kw name="Enter Email Address" library="LoginPage">
<arguments>
<arg>${email}</arg>
</arguments>
<kw name="Log" library="BuiltIn">
<doc>Logs the given message with the given level.</doc>
<arguments>
<arg>Email Address entered: ${emailAddress}</arg>
</arguments>
<msg timestamp="20210127 16:43:45.285" level="INFO">Email Address entered: kycagent@dev.truuth.id</msg>
<status status="PASS" starttime="20210127 16:43:45.285" endtime="20210127 16:43:45.285"></status>
</kw>
<kw name="Input Text" library="SeleniumLibrary">
<doc>Types the given ``text`` into the text field identified by ``locator``.</doc>
<arguments>
<arg>${emailField}</arg>
<arg>${emailAddress}</arg>
</arguments>
<msg timestamp="20210127 16:43:45.286" level="INFO">Typing text 'kycagent@dev.truuth.id' into text field 'id:email'.</msg>
<status status="PASS" starttime="20210127 16:43:45.286" endtime="20210127 16:43:45.884"></status>
</kw>
<status status="PASS" starttime="20210127 16:43:45.284" endtime="20210127 16:43:45.884"></status>
</kw>
<status status="PASS" starttime="20210127 16:43:45.283" endtime="20210127 16:43:45.884"></status>
</kw>
<kw name="And User enters password">
<kw name="Enter Password" library="LoginPage">
<arguments>
<arg>${password}</arg>
</arguments>
<kw name="Log" library="BuiltIn">
<doc>Logs the given message with the given level.</doc>
<arguments>
<arg>Password entered: ${password}</arg>
</arguments>
<msg timestamp="20210127 16:43:45.887" level="INFO">Password entered: mT8LNFhXivN7vh^Ly</msg>
<status status="PASS" starttime="20210127 16:43:45.887" endtime="20210127 16:43:45.888"></status>
</kw>
<kw name="Input Text" library="SeleniumLibrary">
<doc>Types the given ``text`` into the text field identified by ``locator``.</doc>
<arguments>
<arg>${passwordField}</arg>
<arg>${password}</arg>
</arguments>
<msg timestamp="20210127 16:43:45.888" level="INFO">Typing text 'mT8LNFhXivN7vh^Ly' into text field 'name:password'.</msg>
<status status="PASS" starttime="20210127 16:43:45.888" endtime="20210127 16:43:46.026"></status>
</kw>
<status status="PASS" starttime="20210127 16:43:45.886" endtime="20210127 16:43:46.027"></status>
</kw>
<status status="PASS" starttime="20210127 16:43:45.885" endtime="20210127 16:43:46.027"></status>
</kw>
<kw name="And User clicks SIGN IN button">
<kw name="Click SIGN IN button" library="LoginPage">
<kw name="Click Element" library="SeleniumLibrary">
<doc>Click the element identified by ``locator``.</doc>
<arguments>
<arg>${signInButton}</arg>
</arguments>
<msg timestamp="20210127 16:43:46.028" level="INFO">Clicking element 'id:sign-in'.</msg>
<status status="PASS" starttime="20210127 16:43:46.028" endtime="20210127 16:43:46.230"></status>
</kw>
<status status="PASS" starttime="20210127 16:43:46.028" endtime="20210127 16:43:46.231"></status>
</kw>
<status status="PASS" starttime="20210127 16:43:46.027" endtime="20210127 16:43:46.232"></status>
</kw>
<tags>
<tag>sss</tag>
</tags>
<status status="PASS" starttime="20210127 16:43:40.149" endtime="20210127 16:43:46.233" critical="yes"></status>
</test>
<test id="s1-s2-s1-s1-s1-t2" name="User is kamote">
<kw name="User enters email address" type="setup">
<kw name="Enter Email Address" library="LoginPage">
<arguments>
<arg>${email}</arg>
</arguments>
<kw name="Log" library="BuiltIn">
<doc>Logs the given message with the given level.</doc>
<arguments>
<arg>Email Address entered: ${emailAddress}</arg>
</arguments>
<msg timestamp="20210127 16:43:46.239" level="INFO">Email Address entered: kycagent@dev.truuth.id</msg>
<status status="PASS" starttime="20210127 16:43:46.239" endtime="20210127 16:43:46.240"></status>
</kw>
<kw name="Input Text" library="SeleniumLibrary">
<doc>Types the given ``text`` into the text field identified by ``locator``.</doc>
<arguments>
<arg>${emailField}</arg>
<arg>${emailAddress}</arg>
</arguments>
<msg timestamp="20210127 16:43:46.240" level="INFO">Typing text 'kycagent@dev.truuth.id' into text field 'id:email'.</msg>
<status status="PASS" starttime="20210127 16:43:46.240" endtime="20210127 16:43:46.480"></status>
</kw>
<status status="PASS" starttime="20210127 16:43:46.238" endtime="20210127 16:43:46.480"></status>
</kw>
<status status="PASS" starttime="20210127 16:43:46.237" endtime="20210127 16:43:46.480"></status>
</kw>
<kw name="Given User is on the Login page" library="Common_Keywords">
<kw name="Open Browser" library="SeleniumLibrary">
<doc>Opens a new browser instance to the optional ``url``.</doc>
<arguments>
<arg>${TEST_URL}</arg>
<arg>chrome</arg>
<arg>executable_path=${CHROME_PATH}</arg>
</arguments>
<msg timestamp="20210127 16:43:46.484" level="INFO">Opening browser 'chrome' to base url 'https://client.au.test.truuth.id/kyc'.</msg>
<status status="PASS" starttime="20210127 16:43:46.482" endtime="20210127 16:43:50.948"></status>
</kw>
<kw name="Set Selenium Implicit Wait" library="SeleniumLibrary">
<doc>Sets the implicit wait value used by Selenium.</doc>
<arguments>
<arg>30s</arg>
</arguments>
<status status="PASS" starttime="20210127 16:43:50.948" endtime="20210127 16:43:50.954"></status>
</kw>
<kw name="Maximize Browser Window" library="SeleniumLibrary">
<doc>Maximizes current browser window.</doc>
<status status="PASS" starttime="20210127 16:43:50.954" endtime="20210127 16:43:51.202"></status>
</kw>
<status status="PASS" starttime="20210127 16:43:46.481" endtime="20210127 16:43:51.202"></status>
</kw>
<kw name="When User enters email address">
<kw name="Enter Email Address" library="LoginPage">
<arguments>
<arg>${email}</arg>
</arguments>
<kw name="Log" library="BuiltIn">
<doc>Logs the given message with the given level.</doc>
<arguments>
<arg>Email Address entered: ${emailAddress}</arg>
</arguments>
<msg timestamp="20210127 16:43:51.204" level="INFO">Email Address entered: kycagent@dev.truuth.id</msg>
<status status="PASS" starttime="20210127 16:43:51.204" endtime="20210127 16:43:51.204"></status>
</kw>
<kw name="Input Text" library="SeleniumLibrary">
<doc>Types the given ``text`` into the text field identified by ``locator``.</doc>
<arguments>
<arg>${emailField}</arg>
<arg>${emailAddress}</arg>
</arguments>
<msg timestamp="20210127 16:43:51.205" level="INFO">Typing text 'kycagent@dev.truuth.id' into text field 'id:email'.</msg>
<status status="PASS" starttime="20210127 16:43:51.205" endtime="20210127 16:43:51.862"></status>
</kw>
<status status="PASS" starttime="20210127 16:43:51.203" endtime="20210127 16:43:51.862"></status>
</kw>
<status status="PASS" starttime="20210127 16:43:51.203" endtime="20210127 16:43:51.862"></status>
</kw>
<kw name="And User enters password">
<kw name="Enter Password" library="LoginPage">
<arguments>
<arg>${password}</arg>
</arguments>
<kw name="Log" library="BuiltIn">
<doc>Logs the given message with the given level.</doc>
<arguments>
<arg>Password entered: ${password}</arg>
</arguments>
<msg timestamp="20210127 16:43:51.863" level="INFO">Password entered: mT8LNFhXivN7vh^Ly</msg>
<status status="PASS" starttime="20210127 16:43:51.863" endtime="20210127 16:43:51.863"></status>
</kw>
<kw name="Input Text" library="SeleniumLibrary">
<doc>Types the given ``text`` into the text field identified by ``locator``.</doc>
<arguments>
<arg>${passwordField}</arg>
<arg>${password}</arg>
</arguments>
<msg timestamp="20210127 16:43:51.864" level="INFO">Typing text 'mT8LNFhXivN7vh^Ly' into text field 'name:password'.</msg>
<status status="PASS" starttime="20210127 16:43:51.864" endtime="20210127 16:43:52.001"></status>
</kw>
<status status="PASS" starttime="20210127 16:43:51.863" endtime="20210127 16:43:52.002"></status>
</kw>
<status status="PASS" starttime="20210127 16:43:51.862" endtime="20210127 16:43:52.002"></status>
</kw>
<kw name="And User clicks SIGN IN button">
<kw name="Click SIGN IN button" library="LoginPage">
<kw name="Click Element" library="SeleniumLibrary">
<doc>Click the element identified by ``locator``.</doc>
<arguments>
<arg>${signInButton}</arg>
</arguments>
<msg timestamp="20210127 16:43:52.003" level="INFO">Clicking element 'id:sign-in'.</msg>
<status status="PASS" starttime="20210127 16:43:52.003" endtime="20210127 16:43:52.202"></status>
</kw>
<status status="PASS" starttime="20210127 16:43:52.002" endtime="20210127 16:43:52.202"></status>
</kw>
<status status="PASS" starttime="20210127 16:43:52.002" endtime="20210127 16:43:52.203"></status>
</kw>
<tags>
<tag>sss</tag>
</tags>
<status status="PASS" starttime="20210127 16:43:46.236" endtime="20210127 16:43:52.203" critical="yes"></status>
</test>
<doc>Basic Login Functionality, JIRA12345</doc>
<status status="PASS" starttime="20210127 16:43:40.138" endtime="20210127 16:43:52.205"></status>
</suite>
<status status="PASS" starttime="20210127 16:43:40.135" endtime="20210127 16:43:52.211"></status>
</suite>
<status status="PASS" starttime="20210127 16:43:40.132" endtime="20210127 16:43:52.213"></status>
</suite>
<suite id="s1-s2-s2" name="Truuth Client" source="/Users/jillseo01/PycharmProjects/truth_test_automation/test_automation/web_automation/truuth_client">
<suite id="s1-s2-s2-s1" name="Features" source="/Users/jillseo01/PycharmProjects/truth_test_automation/test_automation/web_automation/truuth_client/features">
<suite id="s1-s2-s2-s1-s1" name="US1234 LoginFunctionality" source="/Users/jillseo01/PycharmProjects/truth_test_automation/test_automation/web_automation/truuth_client/features/US1234_LoginFunctionality.robot">
<test id="s1-s2-s2-s1-s1-t1" name="User is sucessfully logs in">
<kw name="Given User is on the Login page" library="Common_Keywords">
<kw name="Open Browser" library="SeleniumLibrary">
<doc>Opens a new browser instance to the optional ``url``.</doc>
<arguments>
<arg>${TEST_URL}</arg>
<arg>chrome</arg>
<arg>executable_path=${CHROME_PATH}</arg>
</arguments>
<msg timestamp="20210127 16:43:52.239" level="INFO">Opening browser 'chrome' to base url 'https://client.au.test.truuth.id/kyc'.</msg>
<status status="PASS" starttime="20210127 16:43:52.238" endtime="20210127 16:43:56.885"></status>
</kw>
<kw name="Set Selenium Implicit Wait" library="SeleniumLibrary">
<doc>Sets the implicit wait value used by Selenium.</doc>
<arguments>
<arg>30s</arg>
</arguments>
<status status="PASS" starttime="20210127 16:43:56.885" endtime="20210127 16:43:56.892"></status>
</kw>
<kw name="Maximize Browser Window" library="SeleniumLibrary">
<doc>Maximizes current browser window.</doc>
<status status="PASS" starttime="20210127 16:43:56.892" endtime="20210127 16:43:57.140"></status>
</kw>
<status status="PASS" starttime="20210127 16:43:52.237" endtime="20210127 16:43:57.140"></status>
</kw>
<kw name="When User enters email address">
<arguments>
<arg>${USER_NAME}</arg>
</arguments>
<kw name="Enter Email Address" library="LoginPage">
<arguments>
<arg>${email}</arg>
</arguments>
<kw name="Log" library="BuiltIn">
<doc>Logs the given message with the given level.</doc>
<arguments>
<arg>Email Address entered: ${emailAddress}</arg>
</arguments>
<msg timestamp="20210127 16:43:57.143" level="INFO">Email Address entered: kycagent@dev.truuth.id</msg>
<status status="PASS" starttime="20210127 16:43:57.142" endtime="20210127 16:43:57.143"></status>
</kw>
<kw name="Input Text" library="SeleniumLibrary">
<doc>Types the given ``text`` into the text field identified by ``locator``.</doc>
<arguments>
<arg>${emailField}</arg>
<arg>${emailAddress}</arg>
</arguments>
<msg timestamp="20210127 16:43:57.143" level="INFO">Typing text 'kycagent@dev.truuth.id' into text field 'id:email'.</msg>
<status status="PASS" starttime="20210127 16:43:57.143" endtime="20210127 16:43:57.753"></status>
</kw>
<status status="PASS" starttime="20210127 16:43:57.141" endtime="20210127 16:43:57.753"></status>
</kw>
<status status="PASS" starttime="20210127 16:43:57.141" endtime="20210127 16:43:57.753"></status>
</kw>
<kw name="And User enters password">
<arguments>
<arg>${PASSWORD}</arg>
</arguments>
<kw name="Enter Password" library="LoginPage">
<arguments>
<arg>${password}</arg>
</arguments>
<kw name="Log" library="BuiltIn">
<doc>Logs the given message with the given level.</doc>
<arguments>
<arg>Password entered: ${password}</arg>
</arguments>
<msg timestamp="20210127 16:43:57.755" level="INFO">Password entered: mT8LNFhXivN7vh^Ly</msg>
<status status="PASS" starttime="20210127 16:43:57.755" endtime="20210127 16:43:57.755"></status>
</kw>
<kw name="Input Text" library="SeleniumLibrary">
<doc>Types the given ``text`` into the text field identified by ``locator``.</doc>
<arguments>
<arg>${passwordField}</arg>
<arg>${password}</arg>
</arguments>
<msg timestamp="20210127 16:43:57.755" level="INFO">Typing text 'mT8LNFhXivN7vh^Ly' into text field 'name:password'.</msg>
<status status="PASS" starttime="20210127 16:43:57.755" endtime="20210127 16:43:57.885"></status>
</kw>
<status status="PASS" starttime="20210127 16:43:57.754" endtime="20210127 16:43:57.886"></status>
</kw>
<status status="PASS" starttime="20210127 16:43:57.753" endtime="20210127 16:43:57.886"></status>
</kw>
<kw name="And User clicks SIGN IN button">
<kw name="Click SIGN IN button" library="LoginPage">
<kw name="Click Element" library="SeleniumLibrary">
<doc>Click the element identified by ``locator``.</doc>
<arguments>
<arg>${signInButton}</arg>
</arguments>
<msg timestamp="20210127 16:43:57.887" level="INFO">Clicking element 'id:sign-in'.</msg>
<status status="PASS" starttime="20210127 16:43:57.887" endtime="20210127 16:43:58.093"></status>
</kw>
<status status="PASS" starttime="20210127 16:43:57.887" endtime="20210127 16:43:58.094"></status>
</kw>
<status status="PASS" starttime="20210127 16:43:57.886" endtime="20210127 16:43:58.094"></status>
</kw>
<tags>
<tag>sss</tag>
</tags>
<status status="PASS" starttime="20210127 16:43:52.237" endtime="20210127 16:43:58.095" critical="yes"></status>
</test>
<test id="s1-s2-s2-s1-s1-t2" name="User is kamote">
<kw name="Given User is on the Login page" library="Common_Keywords">
<kw name="Open Browser" library="SeleniumLibrary">
<doc>Opens a new browser instance to the optional ``url``.</doc>
<arguments>
<arg>${TEST_URL}</arg>
<arg>chrome</arg>
<arg>executable_path=${CHROME_PATH}</arg>
</arguments>
<msg timestamp="20210127 16:43:58.099" level="INFO">Opening browser 'chrome' to base url 'https://client.au.test.truuth.id/kyc'.</msg>
<status status="PASS" starttime="20210127 16:43:58.098" endtime="20210127 16:44:02.756"></status>
</kw>
<kw name="Set Selenium Implicit Wait" library="SeleniumLibrary">
<doc>Sets the implicit wait value used by Selenium.</doc>
<arguments>
<arg>30s</arg>
</arguments>
<status status="PASS" starttime="20210127 16:44:02.756" endtime="20210127 16:44:02.764"></status>
</kw>
<kw name="Maximize Browser Window" library="SeleniumLibrary">
<doc>Maximizes current browser window.</doc>
<status status="PASS" starttime="20210127 16:44:02.764" endtime="20210127 16:44:03.023"></status>
</kw>
<status status="PASS" starttime="20210127 16:43:58.097" endtime="20210127 16:44:03.024"></status>
</kw>
<kw name="When User enters email address">
<arguments>
<arg>${USER_NAME}</arg>
</arguments>
<kw name="Enter Email Address" library="LoginPage">
<arguments>
<arg>${email}</arg>
</arguments>
<kw name="Log" library="BuiltIn">
<doc>Logs the given message with the given level.</doc>
<arguments>
<arg>Email Address entered: ${emailAddress}</arg>
</arguments>
<msg timestamp="20210127 16:44:03.027" level="INFO">Email Address entered: kycagent@dev.truuth.id</msg>
<status status="PASS" starttime="20210127 16:44:03.026" endtime="20210127 16:44:03.027"></status>
</kw>
<kw name="Input Text" library="SeleniumLibrary">
<doc>Types the given ``text`` into the text field identified by ``locator``.</doc>
<arguments>
<arg>${emailField}</arg>
<arg>${emailAddress}</arg>
</arguments>
<msg timestamp="20210127 16:44:03.028" level="INFO">Typing text 'kycagent@dev.truuth.id' into text field 'id:email'.</msg>
<status status="PASS" starttime="20210127 16:44:03.027" endtime="20210127 16:44:03.683"></status>
</kw>
<status status="PASS" starttime="20210127 16:44:03.025" endtime="20210127 16:44:03.683"></status>
</kw>
<status status="PASS" starttime="20210127 16:44:03.024" endtime="20210127 16:44:03.683"></status>
</kw>
<kw name="And User enters password">
<arguments>
<arg>${PASSWORD}</arg>
</arguments>
<kw name="Enter Password" library="LoginPage">
<arguments>
<arg>${password}</arg>
</arguments>
<kw name="Log" library="BuiltIn">
<doc>Logs the given message with the given level.</doc>
<arguments>
<arg>Password entered: ${password}</arg>
</arguments>
<msg timestamp="20210127 16:44:03.685" level="INFO">Password entered: mT8LNFhXivN7vh^Ly</msg>
<status status="PASS" starttime="20210127 16:44:03.685" endtime="20210127 16:44:03.685"></status>
</kw>
<kw name="Input Text" library="SeleniumLibrary">
<doc>Types the given ``text`` into the text field identified by ``locator``.</doc>
<arguments>
<arg>${passwordField}</arg>
<arg>${password}</arg>
</arguments>
<msg timestamp="20210127 16:44:03.686" level="INFO">Typing text 'mT8LNFhXivN7vh^Ly' into text field 'name:password'.</msg>
<status status="PASS" starttime="20210127 16:44:03.685" endtime="20210127 16:44:03.833"></status>
</kw>
<status status="PASS" starttime="20210127 16:44:03.684" endtime="20210127 16:44:03.834"></status>
</kw>
<status status="PASS" starttime="20210127 16:44:03.684" endtime="20210127 16:44:03.834"></status>
</kw>
<kw name="And User clicks SIGN IN button">
<kw name="Click SIGN IN button" library="LoginPage">
<kw name="Click Element" library="SeleniumLibrary">
<doc>Click the element identified by ``locator``.</doc>
<arguments>
<arg>${signInButton}</arg>
</arguments>
<msg timestamp="20210127 16:44:03.836" level="INFO">Clicking element 'id:sign-in'.</msg>
<status status="PASS" starttime="20210127 16:44:03.835" endtime="20210127 16:44:04.042"></status>
</kw>
<status status="PASS" starttime="20210127 16:44:03.835" endtime="20210127 16:44:04.043"></status>
</kw>
<status status="PASS" starttime="20210127 16:44:03.834" endtime="20210127 16:44:04.043"></status>
</kw>
<tags>
<tag>sss</tag>
</tags>
<status status="PASS" starttime="20210127 16:43:58.096" endtime="20210127 16:44:04.044" critical="yes"></status>
</test>
<doc>Basic Login Functionality, JIRA12345</doc>
<status status="PASS" starttime="20210127 16:43:52.220" endtime="20210127 16:44:04.045"></status>
</suite>
<status status="PASS" starttime="20210127 16:43:52.218" endtime="20210127 16:44:04.051"></status>
</suite>
<status status="PASS" starttime="20210127 16:43:52.215" endtime="20210127 16:44:04.056"></status>
</suite>
<status status="PASS" starttime="20210127 16:43:40.129" endtime="20210127 16:44:04.063"></status>
</suite>
<status status="PASS" starttime="20210127 16:43:15.363" endtime="20210127 16:44:04.070"></status>
</suite>
<statistics>
<total>
<stat pass="8" fail="0">Critical Tests</stat>
<stat pass="8" fail="0">All Tests</stat>
</total>
<tag>
<stat pass="8" fail="0">sss</stat>
</tag>
<suite>
<stat pass="8" fail="0" id="s1" name="Test Automation">Test Automation</stat>
<stat pass="4" fail="0" id="s1-s1" name="Api Automation">Test Automation.Api Automation</stat>
<stat pass="2" fail="0" id="s1-s1-s1" name="Truuth Admin">Test Automation.Api Automation.Truuth Admin</stat>
<stat pass="2" fail="0" id="s1-s1-s1-s1" name="Features">Test Automation.Api Automation.Truuth Admin.Features</stat>
<stat pass="2" fail="0" id="s1-s1-s1-s1-s1" name="US1234 LoginFunctionality">Test Automation.Api Automation.Truuth Admin.Features.US1234 LoginFunctionality</stat>
<stat pass="2" fail="0" id="s1-s1-s2" name="Truuth Client">Test Automation.Api Automation.Truuth Client</stat>
<stat pass="2" fail="0" id="s1-s1-s2-s1" name="Features">Test Automation.Api Automation.Truuth Client.Features</stat>
<stat pass="2" fail="0" id="s1-s1-s2-s1-s1" name="US1234 LoginFunctionality">Test Automation.Api Automation.Truuth Client.Features.US1234 LoginFunctionality</stat>
<stat pass="4" fail="0" id="s1-s2" name="Web Automation">Test Automation.Web Automation</stat>
<stat pass="2" fail="0" id="s1-s2-s1" name="Truuth Admin">Test Automation.Web Automation.Truuth Admin</stat>
<stat pass="2" fail="0" id="s1-s2-s1-s1" name="Features">Test Automation.Web Automation.Truuth Admin.Features</stat>
<stat pass="2" fail="0" id="s1-s2-s1-s1-s1" name="US1234 LoginFunctionality">Test Automation.Web Automation.Truuth Admin.Features.US1234 LoginFunctionality</stat>
<stat pass="2" fail="0" id="s1-s2-s2" name="Truuth Client">Test Automation.Web Automation.Truuth Client</stat>
<stat pass="2" fail="0" id="s1-s2-s2-s1" name="Features">Test Automation.Web Automation.Truuth Client.Features</stat>
<stat pass="2" fail="0" id="s1-s2-s2-s1-s1" name="US1234 LoginFunctionality">Test Automation.Web Automation.Truuth Client.Features.US1234 LoginFunctionality</stat>
</suite>
</statistics>
<errors>
</errors>
</robot>
