<?xml version="1.0" encoding="UTF-8"?>
<robot generator="Robot 3.2.2 (Python 3.9.1 on darwin)" generated="20210127 17:16:39.171" rpa="false">
<suite id="s1" name="Web Automation" source="/Users/jillseo01/PycharmProjects/truth_test_automation/test_automation/web_automation">
<suite id="s1-s1" name="Truuth Admin" source="/Users/jillseo01/PycharmProjects/truth_test_automation/test_automation/web_automation/truuth_admin">
<suite id="s1-s1-s1" name="Features" source="/Users/jillseo01/PycharmProjects/truth_test_automation/test_automation/web_automation/truuth_admin/features">
<suite id="s1-s1-s1-s1" name="US1234 LoginFunctionality" source="/Users/jillseo01/PycharmProjects/truth_test_automation/test_automation/web_automation/truuth_admin/features/US1234_LoginFunctionality.robot">
<test id="s1-s1-s1-s1-t1" name="User is sucessfully logs in">
<kw name="User enters email address" type="setup">
<kw name="Enter Email Address" library="LoginPage">
<arguments>
<arg>${email}</arg>
</arguments>
<kw name="Log" library="BuiltIn">
<doc>Logs the given message with the given level.</doc>
<arguments>
<arg>Email Address entered: ${emailAddress}</arg>
</arguments>
<msg timestamp="20210127 17:16:39.364" level="INFO">Email Address entered: kycagent@dev.truuth.id</msg>
<status status="PASS" starttime="20210127 17:16:39.364" endtime="20210127 17:16:39.364"></status>
</kw>
<kw name="Input Text" library="SeleniumLibrary">
<doc>Types the given ``text`` into the text field identified by ``locator``.</doc>
<arguments>
<arg>${emailField}</arg>
<arg>${emailAddress}</arg>
</arguments>
<msg timestamp="20210127 17:16:39.364" level="INFO">Typing text 'kycagent@dev.truuth.id' into text field 'id:email'.</msg>
<kw name="Capture Page Screenshot" library="SeleniumLibrary">
<doc>Takes a screenshot of the current page and embeds it into a log file.</doc>
<msg timestamp="20210127 17:16:39.364" level="INFO">Cannot capture screenshot because no browser is open.</msg>
<status status="PASS" starttime="20210127 17:16:39.364" endtime="20210127 17:16:39.364"></status>
</kw>
<msg timestamp="20210127 17:16:39.369" level="FAIL">No browser is open.</msg>
<status status="FAIL" starttime="20210127 17:16:39.364" endtime="20210127 17:16:39.369"></status>
</kw>
<status status="FAIL" starttime="20210127 17:16:39.363" endtime="20210127 17:16:39.369"></status>
</kw>
<status status="FAIL" starttime="20210127 17:16:39.363" endtime="20210127 17:16:39.369"></status>
</kw>
<tags>
<tag>sss</tag>
</tags>
<status status="FAIL" starttime="20210127 17:16:39.362" endtime="20210127 17:16:39.369" critical="yes">Setup failed:
No browser is open.</status>
</test>
<test id="s1-s1-s1-s1-t2" name="User is kamote">
<kw name="User enters email address" type="setup">
<kw name="Enter Email Address" library="LoginPage">
<arguments>
<arg>${email}</arg>
</arguments>
<kw name="Log" library="BuiltIn">
<doc>Logs the given message with the given level.</doc>
<arguments>
<arg>Email Address entered: ${emailAddress}</arg>
</arguments>
<msg timestamp="20210127 17:16:39.371" level="INFO">Email Address entered: kycagent@dev.truuth.id</msg>
<status status="PASS" starttime="20210127 17:16:39.371" endtime="20210127 17:16:39.371"></status>
</kw>
<kw name="Input Text" library="SeleniumLibrary">
<doc>Types the given ``text`` into the text field identified by ``locator``.</doc>
<arguments>
<arg>${emailField}</arg>
<arg>${emailAddress}</arg>
</arguments>
<msg timestamp="20210127 17:16:39.371" level="INFO">Typing text 'kycagent@dev.truuth.id' into text field 'id:email'.</msg>
<kw name="Capture Page Screenshot" library="SeleniumLibrary">
<doc>Takes a screenshot of the current page and embeds it into a log file.</doc>
<msg timestamp="20210127 17:16:39.372" level="INFO">Cannot capture screenshot because no browser is open.</msg>
<status status="PASS" starttime="20210127 17:16:39.371" endtime="20210127 17:16:39.372"></status>
</kw>
<msg timestamp="20210127 17:16:39.372" level="FAIL">No browser is open.</msg>
<status status="FAIL" starttime="20210127 17:16:39.371" endtime="20210127 17:16:39.372"></status>
</kw>
<status status="FAIL" starttime="20210127 17:16:39.371" endtime="20210127 17:16:39.372"></status>
</kw>
<status status="FAIL" starttime="20210127 17:16:39.370" endtime="20210127 17:16:39.372"></status>
</kw>
<tags>
<tag>sss</tag>
</tags>
<status status="FAIL" starttime="20210127 17:16:39.370" endtime="20210127 17:16:39.372" critical="yes">Setup failed:
No browser is open.</status>
</test>
<doc>Basic Login Functionality, JIRA12345</doc>
<status status="FAIL" starttime="20210127 17:16:39.198" endtime="20210127 17:16:39.373"></status>
</suite>
<status status="FAIL" starttime="20210127 17:16:39.197" endtime="20210127 17:16:39.374"></status>
</suite>
<status status="FAIL" starttime="20210127 17:16:39.195" endtime="20210127 17:16:39.375"></status>
</suite>
<suite id="s1-s2" name="Truuth Client" source="/Users/jillseo01/PycharmProjects/truth_test_automation/test_automation/web_automation/truuth_client">
<suite id="s1-s2-s1" name="Features" source="/Users/jillseo01/PycharmProjects/truth_test_automation/test_automation/web_automation/truuth_client/features">
<suite id="s1-s2-s1-s1" name="US1234 LoginFunctionality" source="/Users/jillseo01/PycharmProjects/truth_test_automation/test_automation/web_automation/truuth_client/features/US1234_LoginFunctionality.robot">
<test id="s1-s2-s1-s1-t1" name="User is sucessfully logs in">
<kw name="Given User is on the Login page" library="Common_Keywords">
<kw name="Open Browser" library="SeleniumLibrary">
<doc>Opens a new browser instance to the optional ``url``.</doc>
<arguments>
<arg>${TEST_URL}</arg>
<arg>chrome</arg>
<arg>executable_path=${CHROME_PATH}</arg>
</arguments>
<msg timestamp="20210127 17:16:39.388" level="INFO">Opening browser 'chrome' to base url 'https://client.au.test.truuth.id/kyc'.</msg>
<status status="PASS" starttime="20210127 17:16:39.387" endtime="20210127 17:16:44.357"></status>
</kw>
<kw name="Set Selenium Implicit Wait" library="SeleniumLibrary">
<doc>Sets the implicit wait value used by Selenium.</doc>
<arguments>
<arg>30s</arg>
</arguments>
<status status="PASS" starttime="20210127 17:16:44.357" endtime="20210127 17:16:44.359"></status>
</kw>
<kw name="Maximize Browser Window" library="SeleniumLibrary">
<doc>Maximizes current browser window.</doc>
<status status="PASS" starttime="20210127 17:16:44.359" endtime="20210127 17:16:44.619"></status>
</kw>
<status status="PASS" starttime="20210127 17:16:39.387" endtime="20210127 17:16:44.619"></status>
</kw>
<kw name="When User enters email address">
<arguments>
<arg>${USER_NAME}</arg>
</arguments>
<kw name="Enter Email Address" library="LoginPage">
<arguments>
<arg>${email}</arg>
</arguments>
<kw name="Log" library="BuiltIn">
<doc>Logs the given message with the given level.</doc>
<arguments>
<arg>Email Address entered: ${emailAddress}</arg>
</arguments>
<msg timestamp="20210127 17:16:44.621" level="INFO">Email Address entered: kycagent@dev.truuth.id</msg>
<status status="PASS" starttime="20210127 17:16:44.621" endtime="20210127 17:16:44.621"></status>
</kw>
<kw name="Input Text" library="SeleniumLibrary">
<doc>Types the given ``text`` into the text field identified by ``locator``.</doc>
<arguments>
<arg>${emailField}</arg>
<arg>${emailAddress}</arg>
</arguments>
<msg timestamp="20210127 17:16:44.622" level="INFO">Typing text 'kycagent@dev.truuth.id' into text field 'id:email'.</msg>
<status status="PASS" starttime="20210127 17:16:44.622" endtime="20210127 17:16:45.270"></status>
</kw>
<status status="PASS" starttime="20210127 17:16:44.620" endtime="20210127 17:16:45.271"></status>
</kw>
<status status="PASS" starttime="20210127 17:16:44.620" endtime="20210127 17:16:45.271"></status>
</kw>
<kw name="And User enters password">
<arguments>
<arg>${PASSWORD}</arg>
</arguments>
<kw name="Enter Password" library="LoginPage">
<arguments>
<arg>${password}</arg>
</arguments>
<kw name="Log" library="BuiltIn">
<doc>Logs the given message with the given level.</doc>
<arguments>
<arg>Password entered: ${password}</arg>
</arguments>
<msg timestamp="20210127 17:16:45.274" level="INFO">Password entered: mT8LNFhXivN7vh^Ly</msg>
<status status="PASS" starttime="20210127 17:16:45.273" endtime="20210127 17:16:45.274"></status>
</kw>
<kw name="Input Text" library="SeleniumLibrary">
<doc>Types the given ``text`` into the text field identified by ``locator``.</doc>
<arguments>
<arg>${passwordField}</arg>
<arg>${password}</arg>
</arguments>
<msg timestamp="20210127 17:16:45.275" level="INFO">Typing text 'mT8LNFhXivN7vh^Ly' into text field 'name:password'.</msg>
<status status="PASS" starttime="20210127 17:16:45.274" endtime="20210127 17:16:45.408"></status>
</kw>
<status status="PASS" starttime="20210127 17:16:45.273" endtime="20210127 17:16:45.409"></status>
</kw>
<status status="PASS" starttime="20210127 17:16:45.271" endtime="20210127 17:16:45.409"></status>
</kw>
<kw name="And User clicks SIGN IN button">
<kw name="Click SIGN IN button" library="LoginPage">
<kw name="Click Element" library="SeleniumLibrary">
<doc>Click the element identified by ``locator``.</doc>
<arguments>
<arg>${signInButton}</arg>
</arguments>
<msg timestamp="20210127 17:16:45.410" level="INFO">Clicking element 'id:sign-in'.</msg>
<status status="PASS" starttime="20210127 17:16:45.410" endtime="20210127 17:16:45.603"></status>
</kw>
<status status="PASS" starttime="20210127 17:16:45.409" endtime="20210127 17:16:45.603"></status>
</kw>
<status status="PASS" starttime="20210127 17:16:45.409" endtime="20210127 17:16:45.603"></status>
</kw>
<tags>
<tag>sss</tag>
</tags>
<status status="PASS" starttime="20210127 17:16:39.386" endtime="20210127 17:16:45.604" critical="yes"></status>
</test>
<test id="s1-s2-s1-s1-t2" name="User is kamote">
<kw name="Given User is on the Login page" library="Common_Keywords">
<kw name="Open Browser" library="SeleniumLibrary">
<doc>Opens a new browser instance to the optional ``url``.</doc>
<arguments>
<arg>${TEST_URL}</arg>
<arg>chrome</arg>
<arg>executable_path=${CHROME_PATH}</arg>
</arguments>
<msg timestamp="20210127 17:16:45.607" level="INFO">Opening browser 'chrome' to base url 'https://client.au.test.truuth.id/kyc'.</msg>
<status status="PASS" starttime="20210127 17:16:45.606" endtime="20210127 17:16:50.748"></status>
</kw>
<kw name="Set Selenium Implicit Wait" library="SeleniumLibrary">
<doc>Sets the implicit wait value used by Selenium.</doc>
<arguments>
<arg>30s</arg>
</arguments>
<status status="PASS" starttime="20210127 17:16:50.748" endtime="20210127 17:16:50.750"></status>
</kw>
<kw name="Maximize Browser Window" library="SeleniumLibrary">
<doc>Maximizes current browser window.</doc>
<status status="PASS" starttime="20210127 17:16:50.750" endtime="20210127 17:16:51.015"></status>
</kw>
<status status="PASS" starttime="20210127 17:16:45.605" endtime="20210127 17:16:51.015"></status>
</kw>
<kw name="When User enters email address">
<arguments>
<arg>${USER_NAME}</arg>
</arguments>
<kw name="Enter Email Address" library="LoginPage">
<arguments>
<arg>${email}</arg>
</arguments>
<kw name="Log" library="BuiltIn">
<doc>Logs the given message with the given level.</doc>
<arguments>
<arg>Email Address entered: ${emailAddress}</arg>
</arguments>
<msg timestamp="20210127 17:16:51.017" level="INFO">Email Address entered: kycagent@dev.truuth.id</msg>
<status status="PASS" starttime="20210127 17:16:51.017" endtime="20210127 17:16:51.017"></status>
</kw>
<kw name="Input Text" library="SeleniumLibrary">
<doc>Types the given ``text`` into the text field identified by ``locator``.</doc>
<arguments>
<arg>${emailField}</arg>
<arg>${emailAddress}</arg>
</arguments>
<msg timestamp="20210127 17:16:51.018" level="INFO">Typing text 'kycagent@dev.truuth.id' into text field 'id:email'.</msg>
<status status="PASS" starttime="20210127 17:16:51.018" endtime="20210127 17:16:51.796"></status>
</kw>
<status status="PASS" starttime="20210127 17:16:51.016" endtime="20210127 17:16:51.796"></status>
</kw>
<status status="PASS" starttime="20210127 17:16:51.016" endtime="20210127 17:16:51.796"></status>
</kw>
<kw name="And User enters password">
<arguments>
<arg>${PASSWORD}</arg>
</arguments>
<kw name="Enter Password" library="LoginPage">
<arguments>
<arg>${password}</arg>
</arguments>
<kw name="Log" library="BuiltIn">
<doc>Logs the given message with the given level.</doc>
<arguments>
<arg>Password entered: ${password}</arg>
</arguments>
<msg timestamp="20210127 17:16:51.798" level="INFO">Password entered: mT8LNFhXivN7vh^Ly</msg>
<status status="PASS" starttime="20210127 17:16:51.798" endtime="20210127 17:16:51.798"></status>
</kw>
<kw name="Input Text" library="SeleniumLibrary">
<doc>Types the given ``text`` into the text field identified by ``locator``.</doc>
<arguments>
<arg>${passwordField}</arg>
<arg>${password}</arg>
</arguments>
<msg timestamp="20210127 17:16:51.798" level="INFO">Typing text 'mT8LNFhXivN7vh^Ly' into text field 'name:password'.</msg>
<status status="PASS" starttime="20210127 17:16:51.798" endtime="20210127 17:16:51.934"></status>
</kw>
<status status="PASS" starttime="20210127 17:16:51.797" endtime="20210127 17:16:51.934"></status>
</kw>
<status status="PASS" starttime="20210127 17:16:51.797" endtime="20210127 17:16:51.935"></status>
</kw>
<kw name="And User clicks SIGN IN button">
<kw name="Click SIGN IN button" library="LoginPage">
<kw name="Click Element" library="SeleniumLibrary">
<doc>Click the element identified by ``locator``.</doc>
<arguments>
<arg>${signInButton}</arg>
</arguments>
<msg timestamp="20210127 17:16:51.937" level="INFO">Clicking element 'id:sign-in'.</msg>
<status status="PASS" starttime="20210127 17:16:51.937" endtime="20210127 17:16:52.126"></status>
</kw>
<status status="PASS" starttime="20210127 17:16:51.936" endtime="20210127 17:16:52.126"></status>
</kw>
<status status="PASS" starttime="20210127 17:16:51.935" endtime="20210127 17:16:52.126"></status>
</kw>
<tags>
<tag>sss</tag>
</tags>
<status status="PASS" starttime="20210127 17:16:45.604" endtime="20210127 17:16:52.127" critical="yes"></status>
</test>
<doc>Basic Login Functionality, JIRA12345</doc>
<status status="PASS" starttime="20210127 17:16:39.378" endtime="20210127 17:16:52.128"></status>
</suite>
<status status="PASS" starttime="20210127 17:16:39.377" endtime="20210127 17:16:52.132"></status>
</suite>
<status status="PASS" starttime="20210127 17:16:39.376" endtime="20210127 17:16:52.137"></status>
</suite>
<status status="FAIL" starttime="20210127 17:16:39.172" endtime="20210127 17:16:52.139"></status>
</suite>
<statistics>
<total>
<stat pass="2" fail="2">Critical Tests</stat>
<stat pass="2" fail="2">All Tests</stat>
</total>
<tag>
<stat pass="2" fail="2">sss</stat>
</tag>
<suite>
<stat pass="2" fail="2" id="s1" name="Web Automation">Web Automation</stat>
<stat pass="0" fail="2" id="s1-s1" name="Truuth Admin">Web Automation.Truuth Admin</stat>
<stat pass="0" fail="2" id="s1-s1-s1" name="Features">Web Automation.Truuth Admin.Features</stat>
<stat pass="0" fail="2" id="s1-s1-s1-s1" name="US1234 LoginFunctionality">Web Automation.Truuth Admin.Features.US1234 LoginFunctionality</stat>
<stat pass="2" fail="0" id="s1-s2" name="Truuth Client">Web Automation.Truuth Client</stat>
<stat pass="2" fail="0" id="s1-s2-s1" name="Features">Web Automation.Truuth Client.Features</stat>
<stat pass="2" fail="0" id="s1-s2-s1-s1" name="US1234 LoginFunctionality">Web Automation.Truuth Client.Features.US1234 LoginFunctionality</stat>
</suite>
</statistics>
<errors>
</errors>
</robot>
